<?xml version="1.0" encoding="UTF-8"?>
<testng-results skipped="0" failed="2" ignored="0" total="11" passed="9">
  <reporter-output>
  </reporter-output>
  <suite name="Ecommerce regression suite" duration-ms="23301" started-at="2020-09-30T09:30:58Z" finished-at="2020-09-30T09:31:22Z">
    <groups>
    </groups>
    <test name="Ecommerce TShirtsPage" duration-ms="19217" started-at="2020-09-30T09:30:58Z" finished-at="2020-09-30T09:31:18Z">
      <class name="com.qa.tests.TShirtsPageTest">
        <test-method status="PASS" signature="initialize()[pri:0, instance:com.qa.tests.TShirtsPageTest@42561fba]" name="initialize" is-config="true" duration-ms="15131" started-at="2020-09-30T09:30:58Z" finished-at="2020-09-30T09:31:14Z">
          <reporter-output>
          </reporter-output>
        </test-method> <!-- initialize -->
        <test-method status="PASS" signature="Numberdresses()[pri:0, instance:com.qa.tests.TShirtsPageTest@42561fba]" name="Numberdresses" duration-ms="2477" started-at="2020-09-30T09:31:14Z" finished-at="2020-09-30T09:31:16Z">
          <reporter-output>
          </reporter-output>
        </test-method> <!-- Numberdresses -->
        <test-method status="PASS" signature="Listdresses()[pri:0, instance:com.qa.tests.TShirtsPageTest@42561fba]" name="Listdresses" duration-ms="128" started-at="2020-09-30T09:31:17Z" finished-at="2020-09-30T09:31:17Z">
          <reporter-output>
          </reporter-output>
        </test-method> <!-- Listdresses -->
        <test-method status="PASS" signature="Pricedresses()[pri:0, instance:com.qa.tests.TShirtsPageTest@42561fba]" name="Pricedresses" duration-ms="78" started-at="2020-09-30T09:31:17Z" finished-at="2020-09-30T09:31:17Z">
          <reporter-output>
          </reporter-output>
        </test-method> <!-- Pricedresses -->
        <test-method status="PASS" signature="teardown()[pri:0, instance:com.qa.tests.TShirtsPageTest@42561fba]" name="teardown" is-config="true" duration-ms="896" started-at="2020-09-30T09:31:17Z" finished-at="2020-09-30T09:31:18Z">
          <reporter-output>
          </reporter-output>
        </test-method> <!-- teardown -->
      </class> <!-- com.qa.tests.TShirtsPageTest -->
    </test> <!-- Ecommerce TShirtsPage -->
    <test name="Ecommerce WomensPage" duration-ms="22276" started-at="2020-09-30T09:30:58Z" finished-at="2020-09-30T09:31:21Z">
      <class name="com.qa.tests.WomensPageTest">
        <test-method status="PASS" signature="initialize()[pri:0, instance:com.qa.tests.WomensPageTest@456abb66]" name="initialize" is-config="true" duration-ms="16457" started-at="2020-09-30T09:30:58Z" finished-at="2020-09-30T09:31:15Z">
          <reporter-output>
          </reporter-output>
        </test-method> <!-- initialize -->
        <test-method status="PASS" signature="Numberdresses()[pri:0, instance:com.qa.tests.WomensPageTest@456abb66]" name="Numberdresses" duration-ms="3322" started-at="2020-09-30T09:31:15Z" finished-at="2020-09-30T09:31:18Z">
          <reporter-output>
          </reporter-output>
        </test-method> <!-- Numberdresses -->
        <test-method status="PASS" signature="Listdresses()[pri:0, instance:com.qa.tests.WomensPageTest@456abb66]" name="Listdresses" duration-ms="275" started-at="2020-09-30T09:31:19Z" finished-at="2020-09-30T09:31:19Z">
          <reporter-output>
          </reporter-output>
        </test-method> <!-- Listdresses -->
        <test-method status="PASS" signature="Pricedresses()[pri:0, instance:com.qa.tests.WomensPageTest@456abb66]" name="Pricedresses" duration-ms="378" started-at="2020-09-30T09:31:19Z" finished-at="2020-09-30T09:31:19Z">
          <reporter-output>
          </reporter-output>
        </test-method> <!-- Pricedresses -->
        <test-method status="PASS" signature="Discountdresses()[pri:0, instance:com.qa.tests.WomensPageTest@456abb66]" name="Discountdresses" duration-ms="87" started-at="2020-09-30T09:31:20Z" finished-at="2020-09-30T09:31:20Z">
          <reporter-output>
          </reporter-output>
        </test-method> <!-- Discountdresses -->
        <test-method status="PASS" signature="teardown()[pri:0, instance:com.qa.tests.WomensPageTest@456abb66]" name="teardown" is-config="true" duration-ms="892" started-at="2020-09-30T09:31:20Z" finished-at="2020-09-30T09:31:21Z">
          <reporter-output>
          </reporter-output>
        </test-method> <!-- teardown -->
      </class> <!-- com.qa.tests.WomensPageTest -->
    </test> <!-- Ecommerce WomensPage -->
    <test name="Ecommerce DressesPage" duration-ms="23301" started-at="2020-09-30T09:30:58Z" finished-at="2020-09-30T09:31:22Z">
      <class name="com.qa.tests.DressesPageTest">
        <test-method status="PASS" signature="initialize()[pri:0, instance:com.qa.tests.DressesPageTest@680bddf5]" name="initialize" is-config="true" duration-ms="17668" started-at="2020-09-30T09:30:58Z" finished-at="2020-09-30T09:31:16Z">
          <reporter-output>
          </reporter-output>
        </test-method> <!-- initialize -->
        <test-method status="FAIL" signature="Numberdresses()[pri:0, instance:com.qa.tests.DressesPageTest@680bddf5]" name="Numberdresses" duration-ms="3074" started-at="2020-09-30T09:31:16Z" finished-at="2020-09-30T09:31:19Z">
          <exception class="java.lang.AssertionError">
            <message>
              <![CDATA[expected [5] but found [1]]]>
            </message>
            <full-stacktrace>
              <![CDATA[java.lang.AssertionError: expected [5] but found [1]
at org.testng.Assert.fail(Assert.java:96)
at org.testng.Assert.failNotEquals(Assert.java:776)
at org.testng.Assert.assertEqualsImpl(Assert.java:137)
at org.testng.Assert.assertEquals(Assert.java:118)
at org.testng.Assert.assertEquals(Assert.java:652)
at org.testng.Assert.assertEquals(Assert.java:662)
at com.qa.tests.DressesPageTest.Numberdresses(DressesPageTest.java:24)
at sun.reflect.NativeMethodAccessorImpl.invoke0(Native Method)
at sun.reflect.NativeMethodAccessorImpl.invoke(NativeMethodAccessorImpl.java:62)
at sun.reflect.DelegatingMethodAccessorImpl.invoke(DelegatingMethodAccessorImpl.java:43)
at java.lang.reflect.Method.invoke(Method.java:498)
at org.testng.internal.MethodInvocationHelper.invokeMethod(MethodInvocationHelper.java:124)
at org.testng.internal.Invoker.invokeMethod(Invoker.java:583)
at org.testng.internal.Invoker.invokeTestMethod(Invoker.java:719)
at org.testng.internal.Invoker.invokeTestMethods(Invoker.java:989)
at org.testng.internal.TestMethodWorker.invokeTestMethods(TestMethodWorker.java:125)
at org.testng.internal.TestMethodWorker.run(TestMethodWorker.java:109)
at org.testng.TestRunner.privateRun(TestRunner.java:648)
at org.testng.TestRunner.run(TestRunner.java:505)
at org.testng.SuiteRunner.runTest(SuiteRunner.java:455)
at org.testng.SuiteRunner.access$000(SuiteRunner.java:40)
at org.testng.SuiteRunner$SuiteWorker.run(SuiteRunner.java:489)
at org.testng.internal.thread.ThreadUtil$1.call(ThreadUtil.java:52)
at java.util.concurrent.FutureTask.run(FutureTask.java:266)
at java.util.concurrent.ThreadPoolExecutor.runWorker(ThreadPoolExecutor.java:1149)
at java.util.concurrent.ThreadPoolExecutor$Worker.run(ThreadPoolExecutor.java:624)
at java.lang.Thread.run(Thread.java:748)
]]>
            </full-stacktrace>
          </exception> <!-- java.lang.AssertionError -->
          <reporter-output>
          </reporter-output>
        </test-method> <!-- Numberdresses -->
        <test-method status="FAIL" signature="Listdresses()[pri:0, instance:com.qa.tests.DressesPageTest@680bddf5]" name="Listdresses" duration-ms="184" started-at="2020-09-30T09:31:20Z" finished-at="2020-09-30T09:31:20Z">
          <exception class="java.lang.AssertionError">
            <message>
              <![CDATA[lists don't have the same size expected [5] but found [4]]]>
            </message>
            <full-stacktrace>
              <![CDATA[java.lang.AssertionError: lists don't have the same size expected [5] but found [4]
at org.testng.Assert.fail(Assert.java:96)
at org.testng.Assert.failNotEquals(Assert.java:776)
at org.testng.Assert.assertEqualsImpl(Assert.java:137)
at org.testng.Assert.assertEquals(Assert.java:118)
at org.testng.Assert.assertEquals(Assert.java:652)
at org.testng.Assert.assertEquals(Assert.java:819)
at org.testng.Assert.assertEquals(Assert.java:796)
at com.qa.tests.DressesPageTest.Listdresses(DressesPageTest.java:33)
at sun.reflect.NativeMethodAccessorImpl.invoke0(Native Method)
at sun.reflect.NativeMethodAccessorImpl.invoke(NativeMethodAccessorImpl.java:62)
at sun.reflect.DelegatingMethodAccessorImpl.invoke(DelegatingMethodAccessorImpl.java:43)
at java.lang.reflect.Method.invoke(Method.java:498)
at org.testng.internal.MethodInvocationHelper.invokeMethod(MethodInvocationHelper.java:124)
at org.testng.internal.Invoker.invokeMethod(Invoker.java:583)
at org.testng.internal.Invoker.invokeTestMethod(Invoker.java:719)
at org.testng.internal.Invoker.invokeTestMethods(Invoker.java:989)
at org.testng.internal.TestMethodWorker.invokeTestMethods(TestMethodWorker.java:125)
at org.testng.internal.TestMethodWorker.run(TestMethodWorker.java:109)
at org.testng.TestRunner.privateRun(TestRunner.java:648)
at org.testng.TestRunner.run(TestRunner.java:505)
at org.testng.SuiteRunner.runTest(SuiteRunner.java:455)
at org.testng.SuiteRunner.access$000(SuiteRunner.java:40)
at org.testng.SuiteRunner$SuiteWorker.run(SuiteRunner.java:489)
at org.testng.internal.thread.ThreadUtil$1.call(ThreadUtil.java:52)
at java.util.concurrent.FutureTask.run(FutureTask.java:266)
at java.util.concurrent.ThreadPoolExecutor.runWorker(ThreadPoolExecutor.java:1149)
at java.util.concurrent.ThreadPoolExecutor$Worker.run(ThreadPoolExecutor.java:624)
at java.lang.Thread.run(Thread.java:748)
]]>
            </full-stacktrace>
          </exception> <!-- java.lang.AssertionError -->
          <reporter-output>
          </reporter-output>
        </test-method> <!-- Listdresses -->
        <test-method status="PASS" signature="Pricedresses()[pri:0, instance:com.qa.tests.DressesPageTest@680bddf5]" name="Pricedresses" duration-ms="195" started-at="2020-09-30T09:31:20Z" finished-at="2020-09-30T09:31:21Z">
          <reporter-output>
          </reporter-output>
        </test-method> <!-- Pricedresses -->
        <test-method status="PASS" signature="Discountdresses()[pri:0, instance:com.qa.tests.DressesPageTest@680bddf5]" name="Discountdresses" duration-ms="97" started-at="2020-09-30T09:31:21Z" finished-at="2020-09-30T09:31:21Z">
          <reporter-output>
          </reporter-output>
        </test-method> <!-- Discountdresses -->
        <test-method status="PASS" signature="teardown()[pri:0, instance:com.qa.tests.DressesPageTest@680bddf5]" name="teardown" is-config="true" duration-ms="890" started-at="2020-09-30T09:31:21Z" finished-at="2020-09-30T09:31:22Z">
          <reporter-output>
          </reporter-output>
        </test-method> <!-- teardown -->
      </class> <!-- com.qa.tests.DressesPageTest -->
    </test> <!-- Ecommerce DressesPage -->
  </suite> <!-- Ecommerce regression suite -->
</testng-results>
