<?xml version="1.0" encoding="UTF-8"?>
<!-- Generated by org.testng.reporters.JUnitXMLReporter -->
<testsuite hostname="LAPTOP-9738CE5M" ignored="2" name="Ecommerce DressesPage" tests="2" failures="0" timestamp="03 Nov 2020 13:43:02 GMT" time="24.938" errors="0">
  <testcase name="numberDresses" time="5.318" classname="com.qa.tests.DressesPageTest"/>
  <testcase name="Pricedresses" time="0.357" classname="com.qa.tests.DressesPageTest"/>
  <testcase name="Discountdresses" time="0.0" classname="com.qa.tests.DressesPageTest">
    <ignored/>
  </testcase> <!-- Discountdresses -->
  <testcase name="Listdresses" time="0.0" classname="com.qa.tests.DressesPageTest">
    <ignored/>
  </testcase> <!-- Listdresses -->
</testsuite> <!-- Ecommerce DressesPage -->
