<?xml version="1.0" encoding="UTF-8"?>
<!-- Generated by org.testng.reporters.JUnitXMLReporter -->
<testsuite hostname="LAPTOP-9738CE5M" ignored="0" name="Ecommerce TShirtsPage" tests="3" failures="0" timestamp="01 Nov 2020 02:13:34 GMT" time="21.608" errors="0">
  <testcase name="Numberdresses" time="3.564" classname="com.qa.tests.TShirtsPageTest"/>
  <testcase name="Listdresses" time="0.098" classname="com.qa.tests.TShirtsPageTest"/>
  <testcase name="Pricedresses" time="0.1" classname="com.qa.tests.TShirtsPageTest"/>
</testsuite> <!-- Ecommerce TShirtsPage -->
