<?xml version="1.0" encoding="UTF-8"?>
<!-- Generated by org.testng.reporters.JUnitXMLReporter -->
<testsuite hostname="LAPTOP-9738CE5M" ignored="1" name="Ecommerce WomensPage" tests="3" failures="0" timestamp="01 Nov 2020 02:13:33 GMT" time="21.389" errors="0">
  <testcase name="Numberdresses" time="4.293" classname="com.qa.tests.WomensPageTest"/>
  <testcase name="Listdresses" time="0.328" classname="com.qa.tests.WomensPageTest"/>
  <testcase name="Discountdresses" time="0.131" classname="com.qa.tests.WomensPageTest"/>
  <testcase name="Pricedresses" time="0.0" classname="com.qa.tests.WomensPageTest">
    <ignored/>
  </testcase> <!-- Pricedresses -->
</testsuite> <!-- Ecommerce WomensPage -->
