<?xml version="1.0" encoding="UTF-8"?>
<!-- Generated by org.testng.reporters.JUnitXMLReporter -->
<testsuite hostname="LAPTOP-9738CE5M" ignored="3" name="Ecommerce price of dress" tests="1" failures="0" timestamp="29 Sep 2020 08:15:53 GMT" time="20.302" errors="0">
  <testcase name="Pricedresses" time="4.75" classname="com.qa.tests.DressesPageTest"/>
  <testcase name="Discountdresses" time="0.0" classname="com.qa.tests.DressesPageTest">
    <ignored/>
  </testcase> <!-- Discountdresses -->
  <testcase name="Numberdresses" time="0.0" classname="com.qa.tests.DressesPageTest">
    <ignored/>
  </testcase> <!-- Numberdresses -->
  <testcase name="Listdresses" time="0.0" classname="com.qa.tests.DressesPageTest">
    <ignored/>
  </testcase> <!-- Listdresses -->
</testsuite> <!-- Ecommerce price of dress -->
