<?xml version="1.0" encoding="UTF-8"?>
<!-- Generated by org.testng.reporters.JUnitXMLReporter -->
<testsuite hostname="LAPTOP-9738CE5M" ignored="0" name="Ecommerce Demo Page" tests="4" failures="4" timestamp="10 Oct 2020 05:11:18 GMT" time="19.268" errors="0">
  <testcase name="Discountdresses" time="0.171" classname="com.qa.tests.DressesPageTest">
    <failure type="java.lang.NullPointerException">
      <![CDATA[java.lang.NullPointerException
at com.qa.pages.DressesPage.discountonDress(DressesPage.java:66)
at com.qa.tests.DressesPageTest.Discountdresses(DressesPageTest.java:50)
at java.util.concurrent.ThreadPoolExecutor.runWorker(ThreadPoolExecutor.java:1149)
at java.util.concurrent.ThreadPoolExecutor$Worker.run(ThreadPoolExecutor.java:624)
at java.lang.Thread.run(Thread.java:748)
... Removed 10 stack frames]]>
    </failure>
  </testcase> <!-- Discountdresses -->
  <testcase name="Listdresses" time="0.171" classname="com.qa.tests.DressesPageTest">
    <failure type="java.lang.NullPointerException">
      <![CDATA[java.lang.NullPointerException
at com.qa.pages.DressesPage.listofDress(DressesPage.java:40)
at com.qa.tests.DressesPageTest.Listdresses(DressesPageTest.java:32)
at java.util.concurrent.ThreadPoolExecutor.runWorker(ThreadPoolExecutor.java:1149)
at java.util.concurrent.ThreadPoolExecutor$Worker.run(ThreadPoolExecutor.java:624)
at java.lang.Thread.run(Thread.java:748)
... Removed 10 stack frames]]>
    </failure>
  </testcase> <!-- Listdresses -->
  <testcase name="Numberdresses" time="0.186" classname="com.qa.tests.DressesPageTest">
    <failure type="java.lang.NullPointerException">
      <![CDATA[java.lang.NullPointerException
at java.util.Objects.requireNonNull(Objects.java:203)
at org.openqa.selenium.support.ui.FluentWait.<init>(FluentWait.java:106)
at org.openqa.selenium.support.ui.WebDriverWait.<init>(WebDriverWait.java:85)
at org.openqa.selenium.support.ui.WebDriverWait.<init>(WebDriverWait.java:45)
at com.qa.utils.ElementUtil.waitForElementPresent(ElementUtil.java:151)
at com.qa.pages.DressesPage.clickonDressbutton(DressesPage.java:80)
at com.qa.pages.DressesPage.numberofDresses(DressesPage.java:32)
at com.qa.tests.DressesPageTest.Numberdresses(DressesPageTest.java:22)
at java.util.concurrent.ThreadPoolExecutor.runWorker(ThreadPoolExecutor.java:1149)
at java.util.concurrent.ThreadPoolExecutor$Worker.run(ThreadPoolExecutor.java:624)
at java.lang.Thread.run(Thread.java:748)
... Removed 10 stack frames]]>
    </failure>
  </testcase> <!-- Numberdresses -->
  <testcase name="Pricedresses" time="0.005" classname="com.qa.tests.DressesPageTest">
    <failure type="java.lang.NullPointerException">
      <![CDATA[java.lang.NullPointerException
at com.qa.pages.DressesPage.priceofDress(DressesPage.java:53)
at com.qa.tests.DressesPageTest.Pricedresses(DressesPageTest.java:41)
at java.util.concurrent.ThreadPoolExecutor.runWorker(ThreadPoolExecutor.java:1149)
at java.util.concurrent.ThreadPoolExecutor$Worker.run(ThreadPoolExecutor.java:624)
at java.lang.Thread.run(Thread.java:748)
... Removed 10 stack frames]]>
    </failure>
  </testcase> <!-- Pricedresses -->
</testsuite> <!-- Ecommerce Demo Page -->
