<?xml version="1.0" encoding="UTF-8"?>
<!-- Generated by org.testng.reporters.JUnitXMLReporter -->
<testsuite hostname="LAPTOP-9738CE5M" ignored="3" name="Ecommerce discount of dress" tests="1" failures="1" timestamp="29 Sep 2020 08:16:08 GMT" time="14.603" errors="0">
  <testcase name="Discountdresses" time="2.104" classname="com.qa.tests.DressesPageTest">
    <failure type="java.lang.AssertionError" message="lists don&amp;apos;t have the same size expected [2] but found [1]">
      <![CDATA[java.lang.AssertionError: lists don't have the same size expected [2] but found [1]
at com.qa.tests.DressesPageTest.Discountdresses(DressesPageTest.java:51)
at java.util.concurrent.FutureTask.run(FutureTask.java:266)
at java.util.concurrent.ThreadPoolExecutor.runWorker(ThreadPoolExecutor.java:1149)
at java.util.concurrent.ThreadPoolExecutor$Worker.run(ThreadPoolExecutor.java:624)
at java.lang.Thread.run(Thread.java:748)
... Removed 23 stack frames]]>
    </failure>
  </testcase> <!-- Discountdresses -->
  <testcase name="Numberdresses" time="0.0" classname="com.qa.tests.DressesPageTest">
    <ignored/>
  </testcase> <!-- Numberdresses -->
  <testcase name="Pricedresses" time="0.0" classname="com.qa.tests.DressesPageTest">
    <ignored/>
  </testcase> <!-- Pricedresses -->
  <testcase name="Listdresses" time="0.0" classname="com.qa.tests.DressesPageTest">
    <ignored/>
  </testcase> <!-- Listdresses -->
</testsuite> <!-- Ecommerce discount of dress -->
