<?xml version="1.0" encoding="UTF-8"?>
<!-- Generated by org.testng.reporters.JUnitXMLReporter -->
<testsuite hostname="LAPTOP-9738CE5M" ignored="1" name="Ecommerce WomensPage" tests="3" failures="0" timestamp="31 Oct 2020 05:39:58 GMT" time="31.125" errors="0">
  <testcase name="Numberdresses" time="5.009" classname="com.qa.tests.WomensPageTest"/>
  <testcase name="Listdresses" time="0.464" classname="com.qa.tests.WomensPageTest"/>
  <testcase name="Discountdresses" time="0.192" classname="com.qa.tests.WomensPageTest"/>
  <testcase name="Pricedresses" time="0.0" classname="com.qa.tests.WomensPageTest">
    <ignored/>
  </testcase> <!-- Pricedresses -->
</testsuite> <!-- Ecommerce WomensPage -->
