<?xml version="1.0" encoding="UTF-8"?>
<!-- Generated by org.testng.reporters.JUnitXMLReporter -->
<testsuite hostname="LAPTOP-9738CE5M" ignored="0" name="Ecommerce TShirtsPage" tests="3" failures="0" timestamp="31 Oct 2020 05:39:53 GMT" time="26.466" errors="0">
  <testcase name="Numberdresses" time="4.095" classname="com.qa.tests.TShirtsPageTest"/>
  <testcase name="Listdresses" time="0.211" classname="com.qa.tests.TShirtsPageTest"/>
  <testcase name="Pricedresses" time="0.168" classname="com.qa.tests.TShirtsPageTest"/>
</testsuite> <!-- Ecommerce TShirtsPage -->
