<?xml version="1.0" encoding="UTF-8"?>
<!-- Generated by org.testng.reporters.JUnitXMLReporter -->
<testsuite hostname="LAPTOP-9738CE5M" ignored="0" name="Ecommerce Demo Page" tests="4" failures="3" timestamp="29 Sep 2020 07:54:16 GMT" time="56.774" errors="0">
  <testcase name="Numberdresses" time="2.157" classname="com.qa.tests.DressesPageTest">
    <failure type="java.lang.AssertionError" message="expected [5] but found [2]">
      <![CDATA[java.lang.AssertionError: expected [5] but found [2]
at com.qa.tests.DressesPageTest.Numberdresses(DressesPageTest.java:24)
at java.util.concurrent.ThreadPoolExecutor.runWorker(ThreadPoolExecutor.java:1149)
at java.util.concurrent.ThreadPoolExecutor$Worker.run(ThreadPoolExecutor.java:624)
at java.lang.Thread.run(Thread.java:748)
... Removed 16 stack frames]]>
    </failure>
  </testcase> <!-- Numberdresses -->
  <testcase name="Listdresses" time="2.097" classname="com.qa.tests.DressesPageTest"/>
  <testcase name="Pricedresses" time="2.021" classname="com.qa.tests.DressesPageTest">
    <failure type="java.lang.AssertionError" message="lists don&amp;apos;t have the same size expected [1] but found [5]">
      <![CDATA[java.lang.AssertionError: lists don't have the same size expected [1] but found [5]
at com.qa.tests.DressesPageTest.Pricedresses(DressesPageTest.java:42)
at java.util.concurrent.ThreadPoolExecutor.runWorker(ThreadPoolExecutor.java:1149)
at java.util.concurrent.ThreadPoolExecutor$Worker.run(ThreadPoolExecutor.java:624)
at java.lang.Thread.run(Thread.java:748)
... Removed 17 stack frames]]>
    </failure>
  </testcase> <!-- Pricedresses -->
  <testcase name="Discountdresses" time="2.177" classname="com.qa.tests.DressesPageTest">
    <failure type="java.lang.AssertionError" message="lists don&amp;apos;t have the same size expected [2] but found [1]">
      <![CDATA[java.lang.AssertionError: lists don't have the same size expected [2] but found [1]
at com.qa.tests.DressesPageTest.Discountdresses(DressesPageTest.java:51)
at java.util.concurrent.ThreadPoolExecutor.runWorker(ThreadPoolExecutor.java:1149)
at java.util.concurrent.ThreadPoolExecutor$Worker.run(ThreadPoolExecutor.java:624)
at java.lang.Thread.run(Thread.java:748)
... Removed 17 stack frames]]>
    </failure>
  </testcase> <!-- Discountdresses -->
</testsuite> <!-- Ecommerce Demo Page -->
