<?xml version="1.0" encoding="UTF-8"?>
<!-- Generated by org.testng.reporters.JUnitXMLReporter -->
<testsuite hostname="LAPTOP-9738CE5M" ignored="3" name="Ecommerce number of dress" tests="1" failures="0" timestamp="29 Sep 2020 08:15:54 GMT" time="20.491" errors="0">
  <testcase name="Numberdresses" time="4.99" classname="com.qa.tests.DressesPageTest"/>
  <testcase name="Discountdresses" time="0.0" classname="com.qa.tests.DressesPageTest">
    <ignored/>
  </testcase> <!-- Discountdresses -->
  <testcase name="Pricedresses" time="0.0" classname="com.qa.tests.DressesPageTest">
    <ignored/>
  </testcase> <!-- Pricedresses -->
  <testcase name="Listdresses" time="0.0" classname="com.qa.tests.DressesPageTest">
    <ignored/>
  </testcase> <!-- Listdresses -->
</testsuite> <!-- Ecommerce number of dress -->
