<?xml version="1.0" encoding="UTF-8"?>
<!-- Generated by org.testng.reporters.JUnitXMLReporter -->
<testsuite hostname="LAPTOP-9738CE5M" ignored="3" name="Ecommerce list of dress" tests="1" failures="0" timestamp="29 Sep 2020 08:15:56 GMT" time="22.744" errors="0">
  <testcase name="Listdresses" time="4.237" classname="com.qa.tests.DressesPageTest"/>
  <testcase name="Discountdresses" time="0.0" classname="com.qa.tests.DressesPageTest">
    <ignored/>
  </testcase> <!-- Discountdresses -->
  <testcase name="Numberdresses" time="0.0" classname="com.qa.tests.DressesPageTest">
    <ignored/>
  </testcase> <!-- Numberdresses -->
  <testcase name="Pricedresses" time="0.0" classname="com.qa.tests.DressesPageTest">
    <ignored/>
  </testcase> <!-- Pricedresses -->
</testsuite> <!-- Ecommerce list of dress -->
