<?xml version="1.0" encoding="UTF-8"?>
<!-- Generated by org.testng.reporters.JUnitXMLReporter -->
<testsuite hostname="LAPTOP-9738CE5M" ignored="0" name="Ecommerce TShirtsPage" tests="2" failures="1" timestamp="31 Oct 2020 03:51:29 GMT" time="24.518" errors="0">
  <testcase name="@BeforeTest initialize" time="17.586" classname="com.qa.pages.Base">
    <failure type="java.lang.NullPointerException">
      <![CDATA[java.lang.NullPointerException
at com.qa.pages.Base.loadProperties(Base.java:101)
at com.qa.pages.Base.initialize(Base.java:28)
at java.util.concurrent.FutureTask.run(FutureTask.java:266)
at java.util.concurrent.ThreadPoolExecutor.runWorker(ThreadPoolExecutor.java:1149)
at java.util.concurrent.ThreadPoolExecutor$Worker.run(ThreadPoolExecutor.java:624)
at java.lang.Thread.run(Thread.java:748)
... Removed 15 stack frames]]>
    </failure>
  </testcase> <!-- @BeforeTest initialize -->
  <testcase name="@AfterTest teardown" time="0.0" classname="com.qa.pages.Base">
    <skipped/>
  </testcase> <!-- @AfterTest teardown -->
  <testcase name="Numberdresses" time="0.0" classname="com.qa.tests.TShirtsPageTest">
    <skipped/>
  </testcase> <!-- Numberdresses -->
  <testcase name="Numberdresses" time="4.481" classname="com.qa.tests.TShirtsPageTest">
    <failure type="java.lang.NullPointerException">
      <![CDATA[java.lang.NullPointerException
at com.qa.testlisteners.ExtentReportListener.onTestSkipped(ExtentReportListener.java:114)
at java.util.concurrent.FutureTask.run(FutureTask.java:266)
at java.util.concurrent.ThreadPoolExecutor.runWorker(ThreadPoolExecutor.java:1149)
at java.util.concurrent.ThreadPoolExecutor$Worker.run(ThreadPoolExecutor.java:624)
at java.lang.Thread.run(Thread.java:748)
... Removed 14 stack frames]]>
    </failure>
  </testcase> <!-- Numberdresses -->
</testsuite> <!-- Ecommerce TShirtsPage -->
